0 info it worked if it ends with ok
1 verbose cli [ 'node', '/usr/local/bin/npm', 'install', 'robconery/minty-cms' ]
2 info using npm@1.3.8
3 info using node@v0.10.17
4 warn package.json minty-core@0.0.1 No repository field.
5 verbose readDependencies using package.json deps
6 verbose cache add [ 'robconery/minty-cms', null ]
7 verbose cache add name=undefined spec="robconery/minty-cms" args=["robconery/minty-cms",null]
8 verbose parsed url { protocol: null,
8 verbose parsed url   slashes: null,
8 verbose parsed url   auth: null,
8 verbose parsed url   host: null,
8 verbose parsed url   port: null,
8 verbose parsed url   hostname: null,
8 verbose parsed url   hash: null,
8 verbose parsed url   search: null,
8 verbose parsed url   query: null,
8 verbose parsed url   pathname: 'robconery/minty-cms',
8 verbose parsed url   path: 'robconery/minty-cms',
8 verbose parsed url   href: 'robconery/minty-cms' }
9 silly lockFile d7843ad7-robconery-minty-cms robconery/minty-cms
10 verbose lock robconery/minty-cms /Users/rob/.npm/d7843ad7-robconery-minty-cms.lock
11 info maybeGithub Attempting robconery/minty-cms from git://github.com/robconery/minty-cms
12 silly lockFile 9e25d748-t-github-com-robconery-minty-cms git://github.com/robconery/minty-cms
13 verbose lock git://github.com/robconery/minty-cms /Users/rob/.npm/9e25d748-t-github-com-robconery-minty-cms.lock
14 verbose addRemoteGit [ 'git://github.com/robconery/minty-cms', 'master' ]
15 verbose git clone git://github.com/robconery/minty-cms Cloning into bare repository /Users/rob/.npm/_git-remotes/git-github-com-robconery-minty-cms-9e25d748...
15 verbose git clone git://github.com/robconery/minty-cms
15 verbose git clone git://github.com/robconery/minty-cms fatal: remote error:
15 verbose git clone git://github.com/robconery/minty-cms   Repository not found.
16 silly lockFile 9e25d748-t-github-com-robconery-minty-cms git://github.com/robconery/minty-cms
17 silly lockFile 9e25d748-t-github-com-robconery-minty-cms git://github.com/robconery/minty-cms
18 info maybeGithub Attempting robconery/minty-cms from git+ssh://git@github.com:robconery/minty-cms
19 silly lockFile 68cac04d-t-github-com-robconery-minty-cms git+ssh://git@github.com:robconery/minty-cms
20 verbose lock git+ssh://git@github.com:robconery/minty-cms /Users/rob/.npm/68cac04d-t-github-com-robconery-minty-cms.lock
21 verbose addRemoteGit [ 'git@github.com:robconery/minty-cms', 'master' ]
22 error git clone git@github.com:robconery/minty-cms Cloning into bare repository /Users/rob/.npm/_git-remotes/git-github-com-robconery-minty-cms-2ca0d675...
22 error git clone git@github.com:robconery/minty-cms
22 error git clone git@github.com:robconery/minty-cms ERROR: Repository not found.
22 error git clone git@github.com:robconery/minty-cms fatal: The remote end hung up unexpectedly
23 silly lockFile 2ca0d675-t-github-com-robconery-minty-cms git@github.com:robconery/minty-cms
24 silly lockFile d7843ad7-robconery-minty-cms robconery/minty-cms
25 silly lockFile d7843ad7-robconery-minty-cms robconery/minty-cms
26 error addLocal Could not install robconery/minty-cms
27 error Error: ENOENT, stat 'robconery/minty-cms'
28 error If you need help, you may report this log at:
28 error     <http://github.com/isaacs/npm/issues>
28 error or email it to:
28 error     <npm-@googlegroups.com>
29 error System Darwin 13.0.0
30 error command "node" "/usr/local/bin/npm" "install" "robconery/minty-cms"
31 error cwd /Users/rob/Dropbox/Projects/minty/minty-cms
32 error node -v v0.10.17
33 error npm -v 1.3.8
34 error path robconery/minty-cms
35 error code ENOENT
36 error errno 34
37 verbose exit [ 34, true ]
